<?xml version="1.0" encoding="UTF-8"?>
<!-- Generated by org.testng.reporters.JUnitXMLReporter -->
<testsuite ignored="7" hostname="LAPTOP-Q0AEAVNR" failures="2" tests="2" name="Sanity_Retesting_Regression_Suite" time="0.866" errors="0" timestamp="2024-01-03T19:16:20 IST">
  <testcase classname="test_cases.LoginPageTest" name="verifyURLOfApplicationTest" time="0.807">
    <failure type="java.lang.NullPointerException" message="Cannot invoke &amp;quot;pages.LoginPage.verifyURLOfApplication()&amp;quot; because &amp;quot;this.login&amp;quot; is null">
      <![CDATA[java.lang.NullPointerException: Cannot invoke "pages.LoginPage.verifyURLOfApplication()" because "this.login" is null
at test_cases.LoginPageTest.verifyURLOfApplicationTest(LoginPageTest.java:43)
at java.base/java.util.ArrayList.forEach(ArrayList.java:1511)
... Removed 27 stack frames]]>
    </failure>
  </testcase> <!-- verifyURLOfApplicationTest -->
  <testcase classname="test_cases.Inventory_Page_Test" name="verifyTwitterIMG" time="0.002">
    <failure type="java.lang.NullPointerException" message="Cannot invoke &amp;quot;pages.Inventory_Page.verifyTwitterIMG()&amp;quot; because &amp;quot;this.invent&amp;quot; is null">
      <![CDATA[java.lang.NullPointerException: Cannot invoke "pages.Inventory_Page.verifyTwitterIMG()" because "this.invent" is null
at test_cases.Inventory_Page_Test.verifyTwitterIMG(Inventory_Page_Test.java:40)
at java.base/java.util.ArrayList.forEach(ArrayList.java:1511)
... Removed 27 stack frames]]>
    </failure>
  </testcase> <!-- verifyTwitterIMG -->
  <testcase classname="test_cases.LoginPageTest" name="loginToAppliction" time="0.0">
    <ignored/>
  </testcase> <!-- loginToAppliction -->
  <testcase classname="test_cases.Inventory_Page_Test" name="verifyProductLable" time="0.0">
    <ignored/>
  </testcase> <!-- verifyProductLable -->
  <testcase classname="test_cases.Inventory_Page_Test" name="remove2ProductTest" time="0.0">
    <ignored/>
  </testcase> <!-- remove2ProductTest -->
  <testcase classname="test_cases.Cart_Page_Test" name="verifyCartPageLableTest" time="0.0">
    <ignored/>
  </testcase> <!-- verifyCartPageLableTest -->
  <testcase classname="test_cases.Cart_Page_Test" name="verifyCartPageUrlTest" time="0.0">
    <ignored/>
  </testcase> <!-- verifyCartPageUrlTest -->
  <testcase classname="test_cases.LoginPageTest" name="verifyTitleOfApplicationTest" time="0.0">
    <ignored/>
  </testcase> <!-- verifyTitleOfApplicationTest -->
  <testcase classname="test_cases.Inventory_Page_Test" name="add6Product" time="0.0">
    <ignored/>
  </testcase> <!-- add6Product -->
</testsuite> <!-- Sanity_Retesting_Regression_Suite -->
